<?xml version="1.0" encoding="UTF-8"?>
<!-- Generated by org.testng.reporters.JUnitXMLReporter -->
<testsuite ignored="0" hostname="Ashwini" failures="0" tests="3" name="Test" time="0.059" errors="0" timestamp="2025-12-03T12:30:26 IST">
  <testcase classname="maven.MavenPracticeTest" name="mavenPracticeTest" time="0.008"/>
  <testcase classname="github.GitHubPractice" name="jenkisPracticeTest" time="0.001"/>
  <testcase classname="junkins.JenkinsPracticeTest" name="jenkisPractice" time="0.001"/>
</testsuite> <!-- Test -->
