<?xml version="1.0" encoding="UTF-8"?>
<testng-results ignored="0" total="3" passed="3" failed="0" skipped="0">
  <reporter-output>
    <line>
      <![CDATA[Hi maven]]>
    </line>
    <line>
      <![CDATA[Hii Github]]>
    </line>
    <line>
      <![CDATA[Hii Jenkis]]>
    </line>
  </reporter-output>
  <suite started-at="2025-12-03T12:30:26 IST" name="Suite" finished-at="2025-12-03T12:30:26 IST" duration-ms="59">
    <groups>
    </groups>
    <test started-at="2025-12-03T12:30:26 IST" name="Test" finished-at="2025-12-03T12:30:26 IST" duration-ms="59">
      <class name="maven.MavenPracticeTest">
        <test-method signature="mavenPracticeTest()[pri:0, instance:maven.MavenPracticeTest@342c38f8]" started-at="2025-12-03T12:30:26 IST" name="mavenPracticeTest" finished-at="2025-12-03T12:30:26 IST" duration-ms="8" status="PASS">
          <reporter-output>
            <line>
              <![CDATA[Hi maven]]>
            </line>
          </reporter-output>
        </test-method> <!-- mavenPracticeTest -->
      </class> <!-- maven.MavenPracticeTest -->
      <class name="junkins.JenkinsPracticeTest">
        <test-method signature="jenkisPractice()[pri:0, instance:junkins.JenkinsPracticeTest@194bcebf]" started-at="2025-12-03T12:30:26 IST" name="jenkisPractice" finished-at="2025-12-03T12:30:26 IST" duration-ms="1" status="PASS">
          <reporter-output>
            <line>
              <![CDATA[Hii Jenkis]]>
            </line>
          </reporter-output>
        </test-method> <!-- jenkisPractice -->
      </class> <!-- junkins.JenkinsPracticeTest -->
      <class name="github.GitHubPractice">
        <test-method signature="jenkisPracticeTest()[pri:0, instance:github.GitHubPractice@3c7f66c4]" started-at="2025-12-03T12:30:26 IST" name="jenkisPracticeTest" finished-at="2025-12-03T12:30:26 IST" duration-ms="1" status="PASS">
          <reporter-output>
            <line>
              <![CDATA[Hii Github]]>
            </line>
          </reporter-output>
        </test-method> <!-- jenkisPracticeTest -->
      </class> <!-- github.GitHubPractice -->
    </test> <!-- Test -->
  </suite> <!-- Suite -->
</testng-results>
