<?xml version="1.0" encoding="UTF-8"?>
<!-- Generated by org.testng.reporters.JUnitReportReporter -->
<testsuite hostname="Ashwini" failures="0" tests="1" name="maven.MavenPracticeTest" time="0.008" errors="0" timestamp="2025-12-03T12:30:26 IST" skipped="0">
  <testcase classname="maven.MavenPracticeTest" name="mavenPracticeTest" time="0.008">
    <system-out>
      <![CDATA[Hi maven]]>
    </system-out>
  </testcase> <!-- mavenPracticeTest -->
  <system-out>
    <![CDATA[Hi maven
Hii Github
Hii Jenkis]]>
  </system-out>
</testsuite> <!-- maven.MavenPracticeTest -->
