<?xml version="1.0" encoding="UTF-8"?>
<!-- Generated by org.testng.reporters.JUnitReportReporter -->
<testsuite hostname="Ashwini" failures="0" tests="1" name="junkins.JenkinsPracticeTest" time="0.001" errors="0" timestamp="2025-12-03T12:30:26 IST" skipped="0">
  <testcase classname="junkins.JenkinsPracticeTest" name="jenkisPractice" time="0.001">
    <system-out>
      <![CDATA[Hii Jenkis]]>
    </system-out>
  </testcase> <!-- jenkisPractice -->
  <system-out>
    <![CDATA[Hi maven
Hii Github
Hii Jenkis]]>
  </system-out>
</testsuite> <!-- junkins.JenkinsPracticeTest -->
