<?xml version="1.0" encoding="UTF-8"?>
<!-- Generated by org.testng.reporters.JUnitReportReporter -->
<testsuite hostname="Ashwini" failures="0" tests="1" name="github.GitHubPractice" time="0.001" errors="0" timestamp="2025-12-03T12:30:26 IST" skipped="0">
  <testcase classname="github.GitHubPractice" name="jenkisPracticeTest" time="0.001">
    <system-out>
      <![CDATA[Hii Github]]>
    </system-out>
  </testcase> <!-- jenkisPracticeTest -->
  <system-out>
    <![CDATA[Hi maven
Hii Github
Hii Jenkis]]>
  </system-out>
</testsuite> <!-- github.GitHubPractice -->
